<?xml version="1.0" encoding="UTF-8"?>
<testng-results ignored="0" total="1" passed="1" failed="0" skipped="0">
  <reporter-output>
  </reporter-output>
  <suite started-at="2024-01-13T13:05:53 IST" name="Suite" finished-at="2024-01-13T13:06:04 IST" duration-ms="10848">
    <groups>
    </groups>
    <test started-at="2024-01-13T13:05:53 IST" name="Test" finished-at="2024-01-13T13:06:04 IST" duration-ms="10848">
      <class name="com.cs.tests.CustomerTests">
        <test-method is-config="true" signature="beforesuite()[pri:0, instance:com.cs.tests.CustomerTests@3023df74]" started-at="2024-01-13T13:05:53 IST" name="beforesuite" finished-at="2024-01-13T13:05:53 IST" duration-ms="0" status="PASS">
          <reporter-output>
          </reporter-output>
        </test-method> <!-- beforesuite -->
        <test-method is-config="true" signature="setUp()[pri:0, instance:com.cs.tests.CustomerTests@3023df74]" started-at="2024-01-13T13:05:53 IST" name="setUp" finished-at="2024-01-13T13:05:57 IST" duration-ms="4262" status="PASS">
          <reporter-output>
          </reporter-output>
        </test-method> <!-- setUp -->
        <test-method signature="addCustomer()[pri:0, instance:com.cs.tests.CustomerTests@3023df74]" started-at="2024-01-13T13:05:57 IST" name="addCustomer" finished-at="2024-01-13T13:06:04 IST" duration-ms="6331" status="PASS">
          <reporter-output>
          </reporter-output>
        </test-method> <!-- addCustomer -->
        <test-method is-config="true" signature="tearDown()[pri:0, instance:com.cs.tests.CustomerTests@3023df74]" started-at="2024-01-13T13:06:04 IST" name="tearDown" finished-at="2024-01-13T13:06:04 IST" duration-ms="220" status="PASS">
          <reporter-output>
          </reporter-output>
        </test-method> <!-- tearDown -->
        <test-method is-config="true" signature="afterSuite()[pri:0, instance:com.cs.tests.CustomerTests@3023df74]" started-at="2024-01-13T13:06:04 IST" name="afterSuite" finished-at="2024-01-13T13:06:04 IST" duration-ms="269" status="PASS">
          <reporter-output>
          </reporter-output>
        </test-method> <!-- afterSuite -->
      </class> <!-- com.cs.tests.CustomerTests -->
    </test> <!-- Test -->
  </suite> <!-- Suite -->
</testng-results>
